2018-06-22 09:22:45,421 - Log4JLogChute initialized using file 'velocity.log'
2018-06-22 09:22:45,422 - Initializing Velocity, Calling init()...
2018-06-22 09:22:45,422 - Starting Apache Velocity v1.7 (compiled: 2010-11-19 12:14:37)
2018-06-22 09:22:45,422 - Default Properties File: org\apache\velocity\runtime\defaults\velocity.properties
2018-06-22 09:22:45,422 - Trying to use logger class org.apache.velocity.runtime.log.AvalonLogChute
2018-06-22 09:22:45,422 - Target log system for org.apache.velocity.runtime.log.AvalonLogChute is not available (java.lang.NoClassDefFoundError: org/apache/log/format/Formatter).  Falling back to next log system...
2018-06-22 09:22:45,422 - Trying to use logger class org.apache.velocity.runtime.log.Log4JLogChute
2018-06-22 09:22:45,422 - Using logger class org.apache.velocity.runtime.log.Log4JLogChute
2018-06-22 09:22:45,425 - ResourceLoader instantiated: org.apache.velocity.runtime.resource.loader.ClasspathResourceLoader
2018-06-22 09:22:45,461 - ResourceCache: initialized (class org.apache.velocity.runtime.resource.ResourceCacheImpl) with class java.util.Collections$SynchronizedMap cache map.
2018-06-22 09:22:45,462 - Loaded System Directive: org.apache.velocity.runtime.directive.Stop
2018-06-22 09:22:45,462 - Loaded System Directive: org.apache.velocity.runtime.directive.Define
2018-06-22 09:22:45,463 - Loaded System Directive: org.apache.velocity.runtime.directive.Break
2018-06-22 09:22:45,463 - Loaded System Directive: org.apache.velocity.runtime.directive.Evaluate
2018-06-22 09:22:45,464 - Loaded System Directive: org.apache.velocity.runtime.directive.Literal
2018-06-22 09:22:45,465 - Loaded System Directive: org.apache.velocity.runtime.directive.Macro
2018-06-22 09:22:45,466 - Loaded System Directive: org.apache.velocity.runtime.directive.Parse
2018-06-22 09:22:45,467 - Loaded System Directive: org.apache.velocity.runtime.directive.Include
2018-06-22 09:22:45,467 - Loaded System Directive: org.apache.velocity.runtime.directive.Foreach
2018-06-22 09:22:45,500 - Created '20' parsers.
2018-06-22 09:22:45,506 - Velocimacro : "velocimacro.library" is not set.  Trying default library: VM_global_library.vm
2018-06-22 09:22:45,507 - Could not load resource 'VM_global_library.vm' from ResourceLoader org.apache.velocity.runtime.resource.loader.ClasspathResourceLoader: ClasspathResourceLoader Error: cannot find resource VM_global_library.vm
2018-06-22 09:22:45,507 - Velocimacro : Default library not found.
2018-06-22 09:22:45,507 - Velocimacro : allowInline = true : VMs can be defined inline in templates
2018-06-22 09:22:45,507 - Velocimacro : allowInlineToOverride = false : VMs defined inline may NOT replace previous VM definitions
2018-06-22 09:22:45,507 - Velocimacro : allowInlineLocal = false : VMs defined inline will be global in scope if allowed.
2018-06-22 09:22:45,507 - Velocimacro : autoload off : VM system will not automatically reload global library macros
2018-06-22 09:22:45,568 - ResourceManager : found /templates/entity.java.vm with loader org.apache.velocity.runtime.resource.loader.ClasspathResourceLoader
2018-06-22 09:22:45,579 - Left side (${versionFieldName}) of '==' operation has null value. If it is a reference, it may not be in the context or its toString() returned null. /templates/entity.java.vm[line 73, column 26]
2018-06-22 09:22:45,579 - Left side (${logicDeleteFieldName}) of '==' operation has null value. If it is a reference, it may not be in the context or its toString() returned null. /templates/entity.java.vm[line 77, column 30]
2018-06-22 09:22:45,579 - Left side (${versionFieldName}) of '==' operation has null value. If it is a reference, it may not be in the context or its toString() returned null. /templates/entity.java.vm[line 73, column 26]
2018-06-22 09:22:45,579 - Left side (${logicDeleteFieldName}) of '==' operation has null value. If it is a reference, it may not be in the context or its toString() returned null. /templates/entity.java.vm[line 77, column 30]
2018-06-22 09:22:45,579 - Left side (${versionFieldName}) of '==' operation has null value. If it is a reference, it may not be in the context or its toString() returned null. /templates/entity.java.vm[line 73, column 26]
2018-06-22 09:22:45,579 - Left side (${logicDeleteFieldName}) of '==' operation has null value. If it is a reference, it may not be in the context or its toString() returned null. /templates/entity.java.vm[line 77, column 30]
2018-06-22 09:22:45,579 - Left side (${versionFieldName}) of '==' operation has null value. If it is a reference, it may not be in the context or its toString() returned null. /templates/entity.java.vm[line 73, column 26]
2018-06-22 09:22:45,579 - Left side (${logicDeleteFieldName}) of '==' operation has null value. If it is a reference, it may not be in the context or its toString() returned null. /templates/entity.java.vm[line 77, column 30]
2018-06-22 09:22:45,588 - ResourceManager : found /templates/mapper.java.vm with loader org.apache.velocity.runtime.resource.loader.ClasspathResourceLoader
2018-06-22 09:22:45,590 - ResourceManager : found /templates/mapper.xml.vm with loader org.apache.velocity.runtime.resource.loader.ClasspathResourceLoader
2018-06-22 09:22:45,594 - ResourceManager : found /templates/service.java.vm with loader org.apache.velocity.runtime.resource.loader.ClasspathResourceLoader
2018-06-22 09:22:45,597 - ResourceManager : found /templates/serviceImpl.java.vm with loader org.apache.velocity.runtime.resource.loader.ClasspathResourceLoader
2018-06-22 09:22:45,600 - ResourceManager : found /templates/controller.java.vm with loader org.apache.velocity.runtime.resource.loader.ClasspathResourceLoader
